  [1m[35m (0.1ms)[0m  [1m[34mSELECT sqlite_version(*)[0m
  [1m[35m (258.7ms)[0m  [1m[35mCREATE TABLE "schema_migrations" ("version" varchar NOT NULL PRIMARY KEY)[0m
  [1m[35m (50.8ms)[0m  [1m[35mCREATE TABLE "ar_internal_metadata" ("key" varchar NOT NULL PRIMARY KEY, "value" varchar, "created_at" datetime NOT NULL, "updated_at" datetime NOT NULL)[0m
  [1m[35m (0.1ms)[0m  [1m[34mSELECT "schema_migrations"."version" FROM "schema_migrations" ORDER BY "schema_migrations"."version" ASC[0m
Migrating to CreateBooks (20191108014921)
  [1m[35m (0.0ms)[0m  [1m[36mbegin transaction[0m
  [1m[35m (0.3ms)[0m  [1m[35mCREATE TABLE "books" ("id" INTEGER PRIMARY KEY AUTOINCREMENT NOT NULL, "title" varchar, "memo" text, "created_at" datetime NOT NULL, "updated_at" datetime NOT NULL)[0m
  [1m[35mSQL (0.1ms)[0m  [1m[32mINSERT INTO "schema_migrations" ("version") VALUES (?)[0m  [["version", "20191108014921"]]
  [1m[35m (107.0ms)[0m  [1m[36mcommit transaction[0m
  [1m[36mActiveRecord::InternalMetadata Load (0.1ms)[0m  [1m[34mSELECT  "ar_internal_metadata".* FROM "ar_internal_metadata" WHERE "ar_internal_metadata"."key" = ? LIMIT ?[0m  [["key", "environment"], ["LIMIT", 1]]
  [1m[35m (0.1ms)[0m  [1m[36mbegin transaction[0m
  [1m[35mSQL (0.2ms)[0m  [1m[32mINSERT INTO "ar_internal_metadata" ("key", "value", "created_at", "updated_at") VALUES (?, ?, ?, ?)[0m  [["key", "environment"], ["value", "development"], ["created_at", "2019-11-08 01:49:34.595470"], ["updated_at", "2019-11-08 01:49:34.595470"]]
  [1m[35m (268.1ms)[0m  [1m[36mcommit transaction[0m
  [1m[35m (0.1ms)[0m  [1m[34mSELECT "schema_migrations"."version" FROM "schema_migrations" ORDER BY "schema_migrations"."version" ASC[0m
Started GET "/books" for ::1 at 2019-11-08 10:49:48 +0900
  [1m[35m (0.2ms)[0m  [1m[34mSELECT "schema_migrations"."version" FROM "schema_migrations" ORDER BY "schema_migrations"."version" ASC[0m
Processing by BooksController#index as HTML
  Rendering books/index.html.erb within layouts/application
  [1m[36mBook Load (0.2ms)[0m  [1m[34mSELECT "books".* FROM "books"[0m
  Rendered books/index.html.erb within layouts/application (2.3ms)
Completed 200 OK in 3034ms (Views: 3027.2ms | ActiveRecord: 0.4ms)


Started GET "/books/new" for ::1 at 2019-11-08 10:50:02 +0900
Processing by BooksController#new as HTML
  Rendering books/new.html.erb within layouts/application
  Rendered books/_form.html.erb (51.2ms)
  Rendered books/new.html.erb within layouts/application (52.6ms)
Completed 200 OK in 91ms (Views: 79.4ms | ActiveRecord: 0.8ms)


Started POST "/books" for ::1 at 2019-11-08 10:50:05 +0900
Processing by BooksController#create as HTML
  Parameters: {"utf8"=>"✓", "authenticity_token"=>"9sFU+qhCdhf8NiCe4K4krLqIQzT5ULSvoxYxKTTD8Gv0kPZPaecuN5vc3KdNCdVi2aHpwMYtOAfDcKsnvJVHlQ==", "book"=>{"title"=>"a", "memo"=>"a"}, "commit"=>"Create Book"}
  [1m[35m (0.1ms)[0m  [1m[36mbegin transaction[0m
  [1m[35mSQL (0.3ms)[0m  [1m[32mINSERT INTO "books" ("title", "memo", "created_at", "updated_at") VALUES (?, ?, ?, ?)[0m  [["title", "a"], ["memo", "a"], ["created_at", "2019-11-08 01:50:05.017257"], ["updated_at", "2019-11-08 01:50:05.017257"]]
  [1m[35m (129.9ms)[0m  [1m[36mcommit transaction[0m
Redirected to http://localhost:3000/books/1
Completed 302 Found in 134ms (ActiveRecord: 130.2ms)


Started GET "/books/1" for ::1 at 2019-11-08 10:50:05 +0900
Processing by BooksController#show as HTML
  Parameters: {"id"=>"1"}
  [1m[36mBook Load (0.2ms)[0m  [1m[34mSELECT  "books".* FROM "books" WHERE "books"."id" = ? LIMIT ?[0m  [["id", 1], ["LIMIT", 1]]
  Rendering books/show.html.erb within layouts/application
  Rendered books/show.html.erb within layouts/application (0.7ms)
Completed 200 OK in 12ms (Views: 9.1ms | ActiveRecord: 0.2ms)


Started GET "/books/1/edit" for ::1 at 2019-11-08 10:50:08 +0900
Processing by BooksController#edit as HTML
  Parameters: {"id"=>"1"}
  [1m[36mBook Load (0.2ms)[0m  [1m[34mSELECT  "books".* FROM "books" WHERE "books"."id" = ? LIMIT ?[0m  [["id", 1], ["LIMIT", 1]]
  Rendering books/edit.html.erb within layouts/application
  Rendered books/_form.html.erb (3.0ms)
  Rendered books/edit.html.erb within layouts/application (4.5ms)
Completed 200 OK in 23ms (Views: 20.5ms | ActiveRecord: 0.2ms)


Started PATCH "/books/1" for ::1 at 2019-11-08 10:50:13 +0900
Processing by BooksController#update as HTML
  Parameters: {"utf8"=>"✓", "authenticity_token"=>"RKblfsjeQrkEyQGOSA91818QFPfWBzWLFY8MFYa5slVo/5Rfog5UZXZ+EP/GzJc1Z38R7e5kN/DJyy3hUfB0IQ==", "book"=>{"title"=>"", "memo"=>""}, "commit"=>"Update Book", "id"=>"1"}
  [1m[36mBook Load (0.1ms)[0m  [1m[34mSELECT  "books".* FROM "books" WHERE "books"."id" = ? LIMIT ?[0m  [["id", 1], ["LIMIT", 1]]
  [1m[35m (0.1ms)[0m  [1m[36mbegin transaction[0m
  [1m[35mSQL (0.3ms)[0m  [1m[33mUPDATE "books" SET "title" = ?, "memo" = ?, "updated_at" = ? WHERE "books"."id" = ?[0m  [["title", ""], ["memo", ""], ["updated_at", "2019-11-08 01:50:13.925595"], ["id", 1]]
  [1m[35m (152.6ms)[0m  [1m[36mcommit transaction[0m
Redirected to http://localhost:3000/books/1
Completed 302 Found in 158ms (ActiveRecord: 153.1ms)


Started GET "/books/1" for ::1 at 2019-11-08 10:50:14 +0900
Processing by BooksController#show as HTML
  Parameters: {"id"=>"1"}
  [1m[36mBook Load (0.1ms)[0m  [1m[34mSELECT  "books".* FROM "books" WHERE "books"."id" = ? LIMIT ?[0m  [["id", 1], ["LIMIT", 1]]
  Rendering books/show.html.erb within layouts/application
  Rendered books/show.html.erb within layouts/application (0.6ms)
Completed 200 OK in 9ms (Views: 8.1ms | ActiveRecord: 0.1ms)


Started GET "/books" for ::1 at 2019-11-08 10:50:15 +0900
Processing by BooksController#index as HTML
  Rendering books/index.html.erb within layouts/application
  [1m[36mBook Load (0.2ms)[0m  [1m[34mSELECT "books".* FROM "books"[0m
  Rendered books/index.html.erb within layouts/application (2.2ms)
Completed 200 OK in 26ms (Views: 24.3ms | ActiveRecord: 0.2ms)


Started DELETE "/books/1" for ::1 at 2019-11-08 10:50:18 +0900
Processing by BooksController#destroy as HTML
  Parameters: {"authenticity_token"=>"tdDqj3XfY3NNpu1DZLiaIxekXGu6Eitw8SOJABN2RepYcQho/qypigDpy1GhbSSEYHWT1mU3fUG9QgSBXNPung==", "id"=>"1"}
  [1m[36mBook Load (0.1ms)[0m  [1m[34mSELECT  "books".* FROM "books" WHERE "books"."id" = ? LIMIT ?[0m  [["id", 1], ["LIMIT", 1]]
  [1m[35m (0.1ms)[0m  [1m[36mbegin transaction[0m
  [1m[35mSQL (0.3ms)[0m  [1m[31mDELETE FROM "books" WHERE "books"."id" = ?[0m  [["id", 1]]
  [1m[35m (97.7ms)[0m  [1m[36mcommit transaction[0m
Redirected to http://localhost:3000/books
Completed 302 Found in 102ms (ActiveRecord: 98.2ms)


Started GET "/books" for ::1 at 2019-11-08 10:50:19 +0900
Processing by BooksController#index as HTML
  Rendering books/index.html.erb within layouts/application
  [1m[36mBook Load (0.1ms)[0m  [1m[34mSELECT "books".* FROM "books"[0m
  Rendered books/index.html.erb within layouts/application (1.1ms)
Completed 200 OK in 11ms (Views: 9.9ms | ActiveRecord: 0.1ms)


Started GET "/rails/info/routes" for ::1 at 2019-11-08 10:54:15 +0900
Processing by Rails::InfoController#routes as HTML
  Rendering /home/qwerty/.rbenv/versions/2.6.1/lib/ruby/gems/2.6.0/gems/railties-5.1.7/lib/rails/templates/rails/info/routes.html.erb within layouts/application
  Rendered collection of /home/qwerty/.rbenv/versions/2.6.1/lib/ruby/gems/2.6.0/gems/actionpack-5.1.7/lib/action_dispatch/middleware/templates/routes/_route.html.erb [8 times] (37.4ms)
  Rendered /home/qwerty/.rbenv/versions/2.6.1/lib/ruby/gems/2.6.0/gems/actionpack-5.1.7/lib/action_dispatch/middleware/templates/routes/_table.html.erb (16.8ms)
  Rendered /home/qwerty/.rbenv/versions/2.6.1/lib/ruby/gems/2.6.0/gems/railties-5.1.7/lib/rails/templates/rails/info/routes.html.erb within layouts/application (85.9ms)
Completed 200 OK in 119ms (Views: 116.8ms | ActiveRecord: 0.0ms)


  [1m[35m (0.1ms)[0m  [1m[36mbegin transaction[0m
  [1m[35mSQL (25.8ms)[0m  [1m[32mINSERT INTO "books" ("title", "memo", "created_at", "updated_at") VALUES (?, ?, ?, ?)[0m  [["title", "some title"], ["memo", "some memo"], ["created_at", "2019-11-08 02:30:31.268340"], ["updated_at", "2019-11-08 02:30:31.268340"]]
  [1m[35m (43.3ms)[0m  [1m[36mcommit transaction[0m
  [1m[36mBook Load (0.3ms)[0m  [1m[34mSELECT  "books".* FROM "books" ORDER BY "books"."id" DESC LIMIT ?[0m  [["LIMIT", 1]]
Started GET "/books" for ::1 at 2019-11-08 11:31:00 +0900
  [1m[35m (0.2ms)[0m  [1m[34mSELECT "schema_migrations"."version" FROM "schema_migrations" ORDER BY "schema_migrations"."version" ASC[0m
Processing by BooksController#index as HTML
  Rendering books/index.html.erb within layouts/application
  [1m[36mBook Load (0.2ms)[0m  [1m[34mSELECT "books".* FROM "books"[0m
  Rendered books/index.html.erb within layouts/application (22.7ms)
Completed 200 OK in 333ms (Views: 317.4ms | ActiveRecord: 0.8ms)


  [1m[36mBook Load (0.2ms)[0m  [1m[34mSELECT  "books".* FROM "books" WHERE "books"."title" = ? ORDER BY "books"."id" ASC LIMIT ?[0m  [["title", "RubyとRailsの学習ガイド"], ["LIMIT", 1]]
